# JRE version: Java(TM) SE Runtime Environment (18.0.1.1+2) (build 18.0.1.1+2-6)
# Java VM: Java HotSpot(TM) 64-Bit Server VM (18.0.1.1+2-6, mixed mode, sharing, tiered, compressed oops, compressed class ptrs, g1 gc, windows-amd64)
GC Precious Log:
 CardTable entry size: 512
 Card Set container configuration: InlinePtr #cards 5 size 8 Array Of Cards #cards 12 size 40 Howl #buckets 4 coarsen threshold 1843 Howl Bitmap #cards 512 size 80 coarsen threshold 460 Card regions per heap region 1 cards per card region 2048
 CPUs: 4 total, 4 available
 Memory: 12182M
 Large Page Support: Disabled
 NUMA Support: Disabled
 Compressed Oops: Enabled (32-bit)
 Heap Region Size: 1M
 Heap Min Capacity: 256M
 Heap Initial Capacity: 256M
 Heap Max Capacity: 512M
 Pre-touch: Disabled
 Parallel Workers: 4
 Concurrent Workers: 1
 Concurrent Refinement Workers: 4
 Periodic GC: Disabled
Heap:
 garbage-first heap   total 262144K, used 124164K [0x00000000e0000000, 0x0000000100000000)
  region size 1024K, 73 young (74752K), 7 survivors (7168K)
 Metaspace       used 58266K, committed 59840K, reserved 278528K
  class space    used 7580K, committed 8384K, reserved 212992K
GC Heap History (20 events):
Event: 136.538 GC heap before
{Heap before GC invocations=14 (full 0):
 garbage-first heap   total 262144K, used 204279K [0x00000000e0000000, 0x0000000100000000)
  region size 1024K, 153 young (156672K), 3 survivors (3072K)
 Metaspace       used 58195K, committed 59776K, reserved 278528K
  class space    used 7576K, committed 8384K, reserved 212992K
}
Event: 136.542 GC heap after
{Heap after GC invocations=15 (full 0):
 garbage-first heap   total 262144K, used 52569K [0x00000000e0000000, 0x0000000100000000)
  region size 1024K, 4 young (4096K), 4 survivors (4096K)
 Metaspace       used 58195K, committed 59776K, reserved 278528K
  class space    used 7576K, committed 8384K, reserved 212992K
}
Event: 136.972 GC heap before
{Heap before GC invocations=15 (full 0):
 garbage-first heap   total 262144K, used 204121K [0x00000000e0000000, 0x0000000100000000)
  region size 1024K, 153 young (156672K), 4 survivors (4096K)
 Metaspace       used 58195K, committed 59776K, reserved 278528K
  class space    used 7576K, committed 8384K, reserved 212992K
}
Event: 136.976 GC heap after
{Heap after GC invocations=16 (full 0):
 garbage-first heap   total 262144K, used 52138K [0x00000000e0000000, 0x0000000100000000)
  region size 1024K, 4 young (4096K), 4 survivors (4096K)
 Metaspace       used 58195K, committed 59776K, reserved 278528K
  class space    used 7576K, committed 8384K, reserved 212992K
}
Event: 137.393 GC heap before
{Heap before GC invocations=16 (full 0):
 garbage-first heap   total 262144K, used 204714K [0x00000000e0000000, 0x0000000100000000)
  region size 1024K, 153 young (156672K), 4 survivors (4096K)
 Metaspace       used 58195K, committed 59776K, reserved 278528K
  class space    used 7576K, committed 8384K, reserved 212992K
}
Event: 137.398 GC heap after
{Heap after GC invocations=17 (full 0):
 garbage-first heap   total 262144K, used 52730K [0x00000000e0000000, 0x0000000100000000)
  region size 1024K, 4 young (4096K), 4 survivors (4096K)
 Metaspace       used 58195K, committed 59776K, reserved 278528K
  class space    used 7576K, committed 8384K, reserved 212992K
}
Event: 138.089 GC heap before
{Heap before GC invocations=17 (full 0):
 garbage-first heap   total 262144K, used 209402K [0x00000000e0000000, 0x0000000100000000)
  region size 1024K, 153 young (156672K), 4 survivors (4096K)
 Metaspace       used 58213K, committed 59776K, reserved 278528K
  class space    used 7579K, committed 8384K, reserved 212992K
}
Event: 138.094 GC heap after
{Heap after GC invocations=18 (full 0):
 garbage-first heap   total 262144K, used 55075K [0x00000000e0000000, 0x0000000100000000)
  region size 1024K, 5 young (5120K), 5 survivors (5120K)
 Metaspace       used 58213K, committed 59776K, reserved 278528K
  class space    used 7579K, committed 8384K, reserved 212992K
}
Event: 138.611 GC heap before
{Heap before GC invocations=18 (full 0):
 garbage-first heap   total 262144K, used 206627K [0x00000000e0000000, 0x0000000100000000)
  region size 1024K, 153 young (156672K), 5 survivors (5120K)
 Metaspace       used 58230K, committed 59776K, reserved 278528K
  class space    used 7580K, committed 8384K, reserved 212992K
}
Event: 138.616 GC heap after
{Heap after GC invocations=19 (full 0):
 garbage-first heap   total 262144K, used 54753K [0x00000000e0000000, 0x0000000100000000)
  region size 1024K, 4 young (4096K), 4 survivors (4096K)
 Metaspace       used 58230K, committed 59776K, reserved 278528K
  class space    used 7580K, committed 8384K, reserved 212992K
}
Event: 139.188 GC heap before
{Heap before GC invocations=19 (full 0):
 garbage-first heap   total 262144K, used 207329K [0x00000000e0000000, 0x0000000100000000)
  region size 1024K, 153 young (156672K), 4 survivors (4096K)
 Metaspace       used 58242K, committed 59776K, reserved 278528K
  class space    used 7580K, committed 8384K, reserved 212992K
}
Event: 139.193 GC heap after
{Heap after GC invocations=20 (full 0):
 garbage-first heap   total 262144K, used 56136K [0x00000000e0000000, 0x0000000100000000)
  region size 1024K, 6 young (6144K), 6 survivors (6144K)
 Metaspace       used 58242K, committed 59776K, reserved 278528K
  class space    used 7580K, committed 8384K, reserved 212992K
}
Event: 139.676 GC heap before
{Heap before GC invocations=20 (full 0):
 garbage-first heap   total 262144K, used 205640K [0x00000000e0000000, 0x0000000100000000)
  region size 1024K, 153 young (156672K), 6 survivors (6144K)
 Metaspace       used 58255K, committed 59776K, reserved 278528K
  class space    used 7580K, committed 8384K, reserved 212992K
}
Event: 139.682 GC heap after
{Heap after GC invocations=21 (full 0):
 garbage-first heap   total 262144K, used 56377K [0x00000000e0000000, 0x0000000100000000)
  region size 1024K, 6 young (6144K), 6 survivors (6144K)
 Metaspace       used 58255K, committed 59776K, reserved 278528K
  class space    used 7580K, committed 8384K, reserved 212992K
}
Event: 139.969 GC heap before
{Heap before GC invocations=21 (full 0):
 garbage-first heap   total 262144K, used 206905K [0x00000000e0000000, 0x0000000100000000)
  region size 1024K, 153 young (156672K), 6 survivors (6144K)
 Metaspace       used 58262K, committed 59840K, reserved 278528K
  class space    used 7580K, committed 8384K, reserved 212992K
}
Event: 139.974 GC heap after
{Heap after GC invocations=22 (full 0):
 garbage-first heap   total 262144K, used 55802K [0x00000000e0000000, 0x0000000100000000)
  region size 1024K, 5 young (5120K), 5 survivors (5120K)
 Metaspace       used 58262K, committed 59840K, reserved 278528K
  class space    used 7580K, committed 8384K, reserved 212992K
}
Event: 140.182 GC heap before
{Heap before GC invocations=22 (full 0):
 garbage-first heap   total 262144K, used 207354K [0x00000000e0000000, 0x0000000100000000)
  region size 1024K, 153 young (156672K), 5 survivors (5120K)
 Metaspace       used 58265K, committed 59840K, reserved 278528K
  class space    used 7580K, committed 8384K, reserved 212992K
}
Event: 140.188 GC heap after
{Heap after GC invocations=23 (full 0):
 garbage-first heap   total 262144K, used 56826K [0x00000000e0000000, 0x0000000100000000)
  region size 1024K, 6 young (6144K), 6 survivors (6144K)
 Metaspace       used 58265K, committed 59840K, reserved 278528K
  class space    used 7580K, committed 8384K, reserved 212992K
}
Event: 140.583 GC heap before
{Heap before GC invocations=23 (full 0):
 garbage-first heap   total 262144K, used 207354K [0x00000000e0000000, 0x0000000100000000)
  region size 1024K, 153 young (156672K), 6 survivors (6144K)
 Metaspace       used 58266K, committed 59840K, reserved 278528K
  class space    used 7580K, committed 8384K, reserved 212992K
}
Event: 140.589 GC heap after
{Heap after GC invocations=24 (full 0):
 garbage-first heap   total 262144K, used 57604K [0x00000000e0000000, 0x0000000100000000)
  region size 1024K, 7 young (7168K), 7 survivors (7168K)
 Metaspace       used 58266K, committed 59840K, reserved 278528K
  class space    used 7580K, committed 8384K, reserved 212992K
}

