# JRE version: Java(TM) SE Runtime Environment 18.9 (11.0.13+10) (build 11.0.13+10-LTS-370)
# Java VM: Java HotSpot(TM) 64-Bit Server VM 18.9 (11.0.13+10-LTS-370, mixed mode, tiered, compressed oops, g1 gc, windows-amd64)
Heap:
 garbage-first heap   total 262144K, used 187143K [0x00000000e0000000, 0x0000000100000000)
  region size 1024K, 113 young (115712K), 16 survivors (16384K)
 Metaspace       used 86208K, capacity 89415K, committed 89676K, reserved 331776K
  class space    used 11173K, capacity 12347K, committed 12364K, reserved 253952K
GC Heap History (10 events):
Event: 16.850 GC heap before
{Heap before GC invocations=7 (full 0):
 garbage-first heap   total 262144K, used 159919K [0x00000000e0000000, 0x0000000100000000)
  region size 1024K, 136 young (139264K), 15 survivors (15360K)
 Metaspace       used 54286K, capacity 55850K, committed 56064K, reserved 303104K
  class space    used 6944K, capacity 7594K, committed 7680K, reserved 253952K
}
Event: 16.878 GC heap after
{Heap after GC invocations=8 (full 0):
 garbage-first heap   total 262144K, used 43639K [0x00000000e0000000, 0x0000000100000000)
  region size 1024K, 16 young (16384K), 16 survivors (16384K)
 Metaspace       used 54286K, capacity 55850K, committed 56064K, reserved 303104K
  class space    used 6944K, capacity 7594K, committed 7680K, reserved 253952K
}
Event: 17.988 GC heap before
{Heap before GC invocations=8 (full 0):
 garbage-first heap   total 262144K, used 87671K [0x00000000e0000000, 0x0000000100000000)
  region size 1024K, 61 young (62464K), 16 survivors (16384K)
 Metaspace       used 58401K, capacity 60098K, committed 60160K, reserved 307200K
  class space    used 7505K, capacity 8177K, committed 8192K, reserved 253952K
}
Event: 18.013 GC heap after
{Heap after GC invocations=9 (full 0):
 garbage-first heap   total 262144K, used 48393K [0x00000000e0000000, 0x0000000100000000)
  region size 1024K, 13 young (13312K), 13 survivors (13312K)
 Metaspace       used 58401K, capacity 60098K, committed 60160K, reserved 307200K
  class space    used 7505K, capacity 8177K, committed 8192K, reserved 253952K
}
Event: 25.149 GC heap before
{Heap before GC invocations=10 (full 0):
 garbage-first heap   total 262144K, used 188681K [0x00000000e0000000, 0x0000000100000000)
  region size 1024K, 150 young (153600K), 13 survivors (13312K)
 Metaspace       used 71364K, capacity 73342K, committed 73548K, reserved 317440K
  class space    used 9206K, capacity 9993K, committed 10060K, reserved 253952K
}
Event: 25.179 GC heap after
{Heap after GC invocations=11 (full 0):
 garbage-first heap   total 262144K, used 56771K [0x00000000e0000000, 0x0000000100000000)
  region size 1024K, 13 young (13312K), 13 survivors (13312K)
 Metaspace       used 71364K, capacity 73342K, committed 73548K, reserved 317440K
  class space    used 9206K, capacity 9993K, committed 10060K, reserved 253952K
}
Event: 29.769 GC heap before
{Heap before GC invocations=11 (full 0):
 garbage-first heap   total 262144K, used 196035K [0x00000000e0000000, 0x0000000100000000)
  region size 1024K, 149 young (152576K), 13 survivors (13312K)
 Metaspace       used 78105K, capacity 80870K, committed 81100K, reserved 325632K
  class space    used 10118K, capacity 11152K, committed 11212K, reserved 253952K
}
Event: 29.820 GC heap after
{Heap after GC invocations=12 (full 0):
 garbage-first heap   total 262144K, used 68608K [0x00000000e0000000, 0x0000000100000000)
  region size 1024K, 19 young (19456K), 19 survivors (19456K)
 Metaspace       used 78105K, capacity 80870K, committed 81100K, reserved 325632K
  class space    used 10118K, capacity 11152K, committed 11212K, reserved 253952K
}
Event: 33.265 GC heap before
{Heap before GC invocations=12 (full 0):
 garbage-first heap   total 262144K, used 201728K [0x00000000e0000000, 0x0000000100000000)
  region size 1024K, 145 young (148480K), 19 survivors (19456K)
 Metaspace       used 81146K, capacity 84299K, committed 84556K, reserved 327680K
  class space    used 10608K, capacity 11775K, committed 11852K, reserved 253952K
}
Event: 33.320 GC heap after
{Heap after GC invocations=13 (full 0):
 garbage-first heap   total 262144K, used 89863K [0x00000000e0000000, 0x0000000100000000)
  region size 1024K, 16 young (16384K), 16 survivors (16384K)
 Metaspace       used 81146K, capacity 84299K, committed 84556K, reserved 327680K
  class space    used 10608K, capacity 11775K, committed 11852K, reserved 253952K
}

