# JRE version: Java(TM) SE Runtime Environment (18.0.1.1+2) (build 18.0.1.1+2-6)
# Java VM: Java HotSpot(TM) 64-Bit Server VM (18.0.1.1+2-6, mixed mode, sharing, tiered, compressed oops, compressed class ptrs, g1 gc, windows-amd64)
GC Precious Log:
 CardTable entry size: 512
 Card Set container configuration: InlinePtr #cards 5 size 8 Array Of Cards #cards 12 size 40 Howl #buckets 4 coarsen threshold 1843 Howl Bitmap #cards 512 size 80 coarsen threshold 460 Card regions per heap region 1 cards per card region 2048
 CPUs: 4 total, 4 available
 Memory: 12182M
 Large Page Support: Disabled
 NUMA Support: Disabled
 Compressed Oops: Enabled (32-bit)
 Heap Region Size: 1M
 Heap Min Capacity: 256M
 Heap Initial Capacity: 256M
 Heap Max Capacity: 512M
 Pre-touch: Disabled
 Parallel Workers: 4
 Concurrent Workers: 1
 Concurrent Refinement Workers: 4
 Periodic GC: Disabled
Heap:
 garbage-first heap   total 262144K, used 99042K [0x00000000e0000000, 0x0000000100000000)
  region size 1024K, 64 young (65536K), 14 survivors (14336K)
 Metaspace       used 54712K, committed 56320K, reserved 278528K
  class space    used 7430K, committed 8256K, reserved 212992K
GC Heap History (14 events):
Event: 1.808 GC heap before
{Heap before GC invocations=0 (full 0):
 garbage-first heap   total 262144K, used 15360K [0x00000000e0000000, 0x0000000100000000)
  region size 1024K, 13 young (13312K), 0 survivors (0K)
 Metaspace       used 901K, committed 1024K, reserved 278528K
  class space    used 68K, committed 128K, reserved 212992K
}
Event: 1.817 GC heap after
{Heap after GC invocations=1 (full 0):
 garbage-first heap   total 262144K, used 3696K [0x00000000e0000000, 0x0000000100000000)
  region size 1024K, 2 young (2048K), 2 survivors (2048K)
 Metaspace       used 901K, committed 1024K, reserved 278528K
  class space    used 68K, committed 128K, reserved 212992K
}
Event: 2.976 GC heap before
{Heap before GC invocations=1 (full 0):
 garbage-first heap   total 262144K, used 22128K [0x00000000e0000000, 0x0000000100000000)
  region size 1024K, 17 young (17408K), 2 survivors (2048K)
 Metaspace       used 3826K, committed 4032K, reserved 278528K
  class space    used 472K, committed 576K, reserved 212992K
}
Event: 2.980 GC heap after
{Heap after GC invocations=2 (full 0):
 garbage-first heap   total 262144K, used 9275K [0x00000000e0000000, 0x0000000100000000)
  region size 1024K, 3 young (3072K), 3 survivors (3072K)
 Metaspace       used 3826K, committed 4032K, reserved 278528K
  class space    used 472K, committed 576K, reserved 212992K
}
Event: 3.912 GC heap before
{Heap before GC invocations=2 (full 0):
 garbage-first heap   total 262144K, used 31803K [0x00000000e0000000, 0x0000000100000000)
  region size 1024K, 25 young (25600K), 3 survivors (3072K)
 Metaspace       used 3966K, committed 4160K, reserved 278528K
  class space    used 474K, committed 576K, reserved 212992K
}
Event: 3.916 GC heap after
{Heap after GC invocations=3 (full 0):
 garbage-first heap   total 262144K, used 13278K [0x00000000e0000000, 0x0000000100000000)
  region size 1024K, 4 young (4096K), 4 survivors (4096K)
 Metaspace       used 3966K, committed 4160K, reserved 278528K
  class space    used 474K, committed 576K, reserved 212992K
}
Event: 9.407 GC heap before
{Heap before GC invocations=3 (full 0):
 garbage-first heap   total 262144K, used 107486K [0x00000000e0000000, 0x0000000100000000)
  region size 1024K, 97 young (99328K), 4 survivors (4096K)
 Metaspace       used 20814K, committed 21504K, reserved 278528K
  class space    used 3073K, committed 3456K, reserved 212992K
}
Event: 9.424 GC heap after
{Heap after GC invocations=4 (full 0):
 garbage-first heap   total 262144K, used 20608K [0x00000000e0000000, 0x0000000100000000)
  region size 1024K, 12 young (12288K), 12 survivors (12288K)
 Metaspace       used 20814K, committed 21504K, reserved 278528K
  class space    used 3073K, committed 3456K, reserved 212992K
}
Event: 19.670 GC heap before
{Heap before GC invocations=5 (full 0):
 garbage-first heap   total 262144K, used 123008K [0x00000000e0000000, 0x0000000100000000)
  region size 1024K, 110 young (112640K), 12 survivors (12288K)
 Metaspace       used 34326K, committed 35520K, reserved 278528K
  class space    used 4781K, committed 5376K, reserved 212992K
}
Event: 19.697 GC heap after
{Heap after GC invocations=6 (full 0):
 garbage-first heap   total 262144K, used 30853K [0x00000000e0000000, 0x0000000100000000)
  region size 1024K, 11 young (11264K), 11 survivors (11264K)
 Metaspace       used 34326K, committed 35520K, reserved 278528K
  class space    used 4781K, committed 5376K, reserved 212992K
}
Event: 19.872 GC heap before
{Heap before GC invocations=6 (full 0):
 garbage-first heap   total 262144K, used 35973K [0x00000000e0000000, 0x0000000100000000)
  region size 1024K, 17 young (17408K), 11 survivors (11264K)
 Metaspace       used 34917K, committed 36096K, reserved 278528K
  class space    used 4881K, committed 5504K, reserved 212992K
}
Event: 19.886 GC heap after
{Heap after GC invocations=7 (full 0):
 garbage-first heap   total 262144K, used 31535K [0x00000000e0000000, 0x0000000100000000)
  region size 1024K, 2 young (2048K), 2 survivors (2048K)
 Metaspace       used 34917K, committed 36096K, reserved 278528K
  class space    used 4881K, committed 5504K, reserved 212992K
}
Event: 24.819 GC heap before
{Heap before GC invocations=8 (full 0):
 garbage-first heap   total 262144K, used 184111K [0x00000000e0000000, 0x0000000100000000)
  region size 1024K, 146 young (149504K), 2 survivors (2048K)
 Metaspace       used 51446K, committed 53056K, reserved 278528K
  class space    used 7017K, committed 7872K, reserved 212992K
}
Event: 24.842 GC heap after
{Heap after GC invocations=9 (full 0):
 garbage-first heap   total 262144K, used 48866K [0x00000000e0000000, 0x0000000100000000)
  region size 1024K, 14 young (14336K), 14 survivors (14336K)
 Metaspace       used 51446K, committed 53056K, reserved 278528K
  class space    used 7017K, committed 7872K, reserved 212992K
}

