# JRE version: Java(TM) SE Runtime Environment (18.0.1.1+2) (build 18.0.1.1+2-6)
# Java VM: Java HotSpot(TM) 64-Bit Server VM (18.0.1.1+2-6, mixed mode, sharing, tiered, compressed oops, compressed class ptrs, g1 gc, windows-amd64)
GC Precious Log:
 CardTable entry size: 512
 Card Set container configuration: InlinePtr #cards 5 size 8 Array Of Cards #cards 12 size 40 Howl #buckets 4 coarsen threshold 1843 Howl Bitmap #cards 512 size 80 coarsen threshold 460 Card regions per heap region 1 cards per card region 2048
 CPUs: 4 total, 4 available
 Memory: 12182M
 Large Page Support: Disabled
 NUMA Support: Disabled
 Compressed Oops: Enabled (32-bit)
 Heap Region Size: 1M
 Heap Min Capacity: 256M
 Heap Initial Capacity: 256M
 Heap Max Capacity: 512M
 Pre-touch: Disabled
 Parallel Workers: 4
 Concurrent Workers: 1
 Concurrent Refinement Workers: 4
 Periodic GC: Disabled
Heap:
 garbage-first heap   total 262144K, used 79573K [0x00000000e0000000, 0x0000000100000000)
  region size 1024K, 31 young (31744K), 7 survivors (7168K)
 Metaspace       used 62034K, committed 63744K, reserved 278528K
  class space    used 8364K, committed 9216K, reserved 212992K
GC Heap History (18 events):
Event: 0.574 GC heap before
{Heap before GC invocations=0 (full 0):
 garbage-first heap   total 262144K, used 15360K [0x00000000e0000000, 0x0000000100000000)
  region size 1024K, 13 young (13312K), 0 survivors (0K)
 Metaspace       used 894K, committed 1024K, reserved 278528K
  class space    used 68K, committed 128K, reserved 212992K
}
Event: 0.578 GC heap after
{Heap after GC invocations=1 (full 0):
 garbage-first heap   total 262144K, used 4224K [0x00000000e0000000, 0x0000000100000000)
  region size 1024K, 2 young (2048K), 2 survivors (2048K)
 Metaspace       used 894K, committed 1024K, reserved 278528K
  class space    used 68K, committed 128K, reserved 212992K
}
Event: 1.149 GC heap before
{Heap before GC invocations=1 (full 0):
 garbage-first heap   total 262144K, used 22656K [0x00000000e0000000, 0x0000000100000000)
  region size 1024K, 17 young (17408K), 2 survivors (2048K)
 Metaspace       used 3804K, committed 3968K, reserved 278528K
  class space    used 472K, committed 576K, reserved 212992K
}
Event: 1.153 GC heap after
{Heap after GC invocations=2 (full 0):
 garbage-first heap   total 262144K, used 9648K [0x00000000e0000000, 0x0000000100000000)
  region size 1024K, 3 young (3072K), 3 survivors (3072K)
 Metaspace       used 3804K, committed 3968K, reserved 278528K
  class space    used 472K, committed 576K, reserved 212992K
}
Event: 1.688 GC heap before
{Heap before GC invocations=2 (full 0):
 garbage-first heap   total 262144K, used 32176K [0x00000000e0000000, 0x0000000100000000)
  region size 1024K, 25 young (25600K), 3 survivors (3072K)
 Metaspace       used 3931K, committed 4096K, reserved 278528K
  class space    used 474K, committed 576K, reserved 212992K
}
Event: 1.692 GC heap after
{Heap after GC invocations=3 (full 0):
 garbage-first heap   total 262144K, used 13729K [0x00000000e0000000, 0x0000000100000000)
  region size 1024K, 4 young (4096K), 4 survivors (4096K)
 Metaspace       used 3931K, committed 4096K, reserved 278528K
  class space    used 474K, committed 576K, reserved 212992K
}
Event: 10.691 GC heap before
{Heap before GC invocations=3 (full 0):
 garbage-first heap   total 262144K, used 108961K [0x00000000e0000000, 0x0000000100000000)
  region size 1024K, 98 young (100352K), 4 survivors (4096K)
 Metaspace       used 20751K, committed 21504K, reserved 278528K
  class space    used 3072K, committed 3456K, reserved 212992K
}
Event: 10.706 GC heap after
{Heap after GC invocations=4 (full 0):
 garbage-first heap   total 262144K, used 21122K [0x00000000e0000000, 0x0000000100000000)
  region size 1024K, 12 young (12288K), 12 survivors (12288K)
 Metaspace       used 20751K, committed 21504K, reserved 278528K
  class space    used 3072K, committed 3456K, reserved 212992K
}
Event: 16.960 GC heap before
{Heap before GC invocations=5 (full 0):
 garbage-first heap   total 262144K, used 128642K [0x00000000e0000000, 0x0000000100000000)
  region size 1024K, 115 young (117760K), 12 survivors (12288K)
 Metaspace       used 34765K, committed 35968K, reserved 278528K
  class space    used 4872K, committed 5504K, reserved 212992K
}
Event: 16.988 GC heap after
{Heap after GC invocations=6 (full 0):
 garbage-first heap   total 262144K, used 30582K [0x00000000e0000000, 0x0000000100000000)
  region size 1024K, 15 young (15360K), 15 survivors (15360K)
 Metaspace       used 34765K, committed 35968K, reserved 278528K
  class space    used 4872K, committed 5504K, reserved 212992K
}
Event: 16.994 GC heap before
{Heap before GC invocations=6 (full 0):
 garbage-first heap   total 262144K, used 30582K [0x00000000e0000000, 0x0000000100000000)
  region size 1024K, 16 young (16384K), 15 survivors (15360K)
 Metaspace       used 34765K, committed 35968K, reserved 278528K
  class space    used 4872K, committed 5504K, reserved 212992K
}
Event: 17.014 GC heap after
{Heap after GC invocations=7 (full 0):
 garbage-first heap   total 262144K, used 31471K [0x00000000e0000000, 0x0000000100000000)
  region size 1024K, 1 young (1024K), 1 survivors (1024K)
 Metaspace       used 34765K, committed 35968K, reserved 278528K
  class space    used 4872K, committed 5504K, reserved 212992K
}
Event: 17.058 GC heap before
{Heap before GC invocations=7 (full 0):
 garbage-first heap   total 262144K, used 32495K [0x00000000e0000000, 0x0000000100000000)
  region size 1024K, 3 young (3072K), 1 survivors (1024K)
 Metaspace       used 35045K, committed 36288K, reserved 278528K
  class space    used 4918K, committed 5568K, reserved 212992K
}
Event: 17.060 GC heap after
{Heap after GC invocations=8 (full 0):
 garbage-first heap   total 262144K, used 31108K [0x00000000e0000000, 0x0000000100000000)
  region size 1024K, 1 young (1024K), 1 survivors (1024K)
 Metaspace       used 35045K, committed 36288K, reserved 278528K
  class space    used 4918K, committed 5568K, reserved 212992K
}
Event: 19.989 GC heap before
{Heap before GC invocations=9 (full 0):
 garbage-first heap   total 262144K, used 191876K [0x00000000e0000000, 0x0000000100000000)
  region size 1024K, 153 young (156672K), 1 survivors (1024K)
 Metaspace       used 51549K, committed 53248K, reserved 278528K
  class space    used 7051K, committed 7936K, reserved 212992K
}
Event: 20.008 GC heap after
{Heap after GC invocations=10 (full 0):
 garbage-first heap   total 262144K, used 49188K [0x00000000e0000000, 0x0000000100000000)
  region size 1024K, 14 young (14336K), 14 survivors (14336K)
 Metaspace       used 51549K, committed 53248K, reserved 278528K
  class space    used 7051K, committed 7936K, reserved 212992K
}
Event: 24.929 GC heap before
{Heap before GC invocations=10 (full 0):
 garbage-first heap   total 262144K, used 124964K [0x00000000e0000000, 0x0000000100000000)
  region size 1024K, 89 young (91136K), 14 survivors (14336K)
 Metaspace       used 59462K, committed 61120K, reserved 278528K
  class space    used 8112K, committed 8960K, reserved 212992K
}
Event: 24.952 GC heap after
{Heap after GC invocations=11 (full 0):
 garbage-first heap   total 262144K, used 56021K [0x00000000e0000000, 0x0000000100000000)
  region size 1024K, 7 young (7168K), 7 survivors (7168K)
 Metaspace       used 59462K, committed 61120K, reserved 278528K
  class space    used 8112K, committed 8960K, reserved 212992K
}

